Start testing: Apr 11 15:11 Hora est. Sudamérica Pacífico
----------------------------------------------------------
1/19 Testing: MATRiXLib.MatrixGetN
1/19 Test: MATRiXLib.MatrixGetN
Command: "C:/Users/Public/Documents/U/9no Semestre Primavera/Computacion-En-GPU/Tareas/Tarea1/build/test/MatrixLibTests.exe" "--gtest_filter=MATRiXLib.MatrixGetN" "--gtest_also_run_disabled_tests"
Directory: C:/Users/Public/Documents/U/9no Semestre Primavera/Computacion-En-GPU/Tareas/Tarea1/build/test
"MATRiXLib.MatrixGetN" start time: Apr 11 15:11 Hora est. Sudamérica Pacífico
Output:
----------------------------------------------------------
Running main() from C:/Users/Public/Documents/U/9no Semestre Primavera/Computacion-En-GPU/Tareas/Tarea1/extern/googletest/googletest/src/gtest_main.cc
Note: Google Test filter = MATRiXLib.MatrixGetN
[==========] Running 1 test from 1 test suite.
[----------] Global test environment set-up.
[----------] 1 test from MATRiXLib
[ RUN      ] MATRiXLib.MatrixGetN
[       OK ] MATRiXLib.MatrixGetN (0 ms)
[----------] 1 test from MATRiXLib (0 ms total)

[----------] Global test environment tear-down
[==========] 1 test from 1 test suite ran. (0 ms total)
[  PASSED  ] 1 test.
<end of output>
Test time =   0.03 sec
----------------------------------------------------------
Test Passed.
"MATRiXLib.MatrixGetN" end time: Apr 11 15:11 Hora est. Sudamérica Pacífico
"MATRiXLib.MatrixGetN" time elapsed: 00:00:00
----------------------------------------------------------

2/19 Testing: MATRiXLib.MatrixGetM
2/19 Test: MATRiXLib.MatrixGetM
Command: "C:/Users/Public/Documents/U/9no Semestre Primavera/Computacion-En-GPU/Tareas/Tarea1/build/test/MatrixLibTests.exe" "--gtest_filter=MATRiXLib.MatrixGetM" "--gtest_also_run_disabled_tests"
Directory: C:/Users/Public/Documents/U/9no Semestre Primavera/Computacion-En-GPU/Tareas/Tarea1/build/test
"MATRiXLib.MatrixGetM" start time: Apr 11 15:11 Hora est. Sudamérica Pacífico
Output:
----------------------------------------------------------
Running main() from C:/Users/Public/Documents/U/9no Semestre Primavera/Computacion-En-GPU/Tareas/Tarea1/extern/googletest/googletest/src/gtest_main.cc
Note: Google Test filter = MATRiXLib.MatrixGetM
[==========] Running 1 test from 1 test suite.
[----------] Global test environment set-up.
[----------] 1 test from MATRiXLib
[ RUN      ] MATRiXLib.MatrixGetM
[       OK ] MATRiXLib.MatrixGetM (0 ms)
[----------] 1 test from MATRiXLib (0 ms total)

[----------] Global test environment tear-down
[==========] 1 test from 1 test suite ran. (0 ms total)
[  PASSED  ] 1 test.
<end of output>
Test time =   0.03 sec
----------------------------------------------------------
Test Passed.
"MATRiXLib.MatrixGetM" end time: Apr 11 15:11 Hora est. Sudamérica Pacífico
"MATRiXLib.MatrixGetM" time elapsed: 00:00:00
----------------------------------------------------------

3/19 Testing: MATRiXLib.MatrixGetElement
3/19 Test: MATRiXLib.MatrixGetElement
Command: "C:/Users/Public/Documents/U/9no Semestre Primavera/Computacion-En-GPU/Tareas/Tarea1/build/test/MatrixLibTests.exe" "--gtest_filter=MATRiXLib.MatrixGetElement" "--gtest_also_run_disabled_tests"
Directory: C:/Users/Public/Documents/U/9no Semestre Primavera/Computacion-En-GPU/Tareas/Tarea1/build/test
"MATRiXLib.MatrixGetElement" start time: Apr 11 15:11 Hora est. Sudamérica Pacífico
Output:
----------------------------------------------------------
Running main() from C:/Users/Public/Documents/U/9no Semestre Primavera/Computacion-En-GPU/Tareas/Tarea1/extern/googletest/googletest/src/gtest_main.cc
Note: Google Test filter = MATRiXLib.MatrixGetElement
[==========] Running 1 test from 1 test suite.
[----------] Global test environment set-up.
[----------] 1 test from MATRiXLib
[ RUN      ] MATRiXLib.MatrixGetElement
[       OK ] MATRiXLib.MatrixGetElement (0 ms)
[----------] 1 test from MATRiXLib (0 ms total)

[----------] Global test environment tear-down
[==========] 1 test from 1 test suite ran. (0 ms total)
[  PASSED  ] 1 test.
<end of output>
Test time =   0.03 sec
----------------------------------------------------------
Test Passed.
"MATRiXLib.MatrixGetElement" end time: Apr 11 15:11 Hora est. Sudamérica Pacífico
"MATRiXLib.MatrixGetElement" time elapsed: 00:00:00
----------------------------------------------------------

4/19 Testing: MATRiXLib.MatrixNewMatrixByReference
4/19 Test: MATRiXLib.MatrixNewMatrixByReference
Command: "C:/Users/Public/Documents/U/9no Semestre Primavera/Computacion-En-GPU/Tareas/Tarea1/build/test/MatrixLibTests.exe" "--gtest_filter=MATRiXLib.MatrixNewMatrixByReference" "--gtest_also_run_disabled_tests"
Directory: C:/Users/Public/Documents/U/9no Semestre Primavera/Computacion-En-GPU/Tareas/Tarea1/build/test
"MATRiXLib.MatrixNewMatrixByReference" start time: Apr 11 15:11 Hora est. Sudamérica Pacífico
Output:
----------------------------------------------------------
Running main() from C:/Users/Public/Documents/U/9no Semestre Primavera/Computacion-En-GPU/Tareas/Tarea1/extern/googletest/googletest/src/gtest_main.cc
Note: Google Test filter = MATRiXLib.MatrixNewMatrixByReference
[==========] Running 1 test from 1 test suite.
[----------] Global test environment set-up.
[----------] 1 test from MATRiXLib
[ RUN      ] MATRiXLib.MatrixNewMatrixByReference
[       OK ] MATRiXLib.MatrixNewMatrixByReference (0 ms)
[----------] 1 test from MATRiXLib (0 ms total)

[----------] Global test environment tear-down
[==========] 1 test from 1 test suite ran. (0 ms total)
[  PASSED  ] 1 test.
<end of output>
Test time =   0.03 sec
----------------------------------------------------------
Test Passed.
"MATRiXLib.MatrixNewMatrixByReference" end time: Apr 11 15:11 Hora est. Sudamérica Pacífico
"MATRiXLib.MatrixNewMatrixByReference" time elapsed: 00:00:00
----------------------------------------------------------

5/19 Testing: MATRiXLib.MatrixSetElementWithOperator
5/19 Test: MATRiXLib.MatrixSetElementWithOperator
Command: "C:/Users/Public/Documents/U/9no Semestre Primavera/Computacion-En-GPU/Tareas/Tarea1/build/test/MatrixLibTests.exe" "--gtest_filter=MATRiXLib.MatrixSetElementWithOperator" "--gtest_also_run_disabled_tests"
Directory: C:/Users/Public/Documents/U/9no Semestre Primavera/Computacion-En-GPU/Tareas/Tarea1/build/test
"MATRiXLib.MatrixSetElementWithOperator" start time: Apr 11 15:11 Hora est. Sudamérica Pacífico
Output:
----------------------------------------------------------
Running main() from C:/Users/Public/Documents/U/9no Semestre Primavera/Computacion-En-GPU/Tareas/Tarea1/extern/googletest/googletest/src/gtest_main.cc
Note: Google Test filter = MATRiXLib.MatrixSetElementWithOperator
[==========] Running 1 test from 1 test suite.
[----------] Global test environment set-up.
[----------] 1 test from MATRiXLib
[ RUN      ] MATRiXLib.MatrixSetElementWithOperator
[       OK ] MATRiXLib.MatrixSetElementWithOperator (0 ms)
[----------] 1 test from MATRiXLib (0 ms total)

[----------] Global test environment tear-down
[==========] 1 test from 1 test suite ran. (0 ms total)
[  PASSED  ] 1 test.
<end of output>
Test time =   0.03 sec
----------------------------------------------------------
Test Passed.
"MATRiXLib.MatrixSetElementWithOperator" end time: Apr 11 15:11 Hora est. Sudamérica Pacífico
"MATRiXLib.MatrixSetElementWithOperator" time elapsed: 00:00:00
----------------------------------------------------------

6/19 Testing: MATRiXLib.MatrixGetElementWithOperator
6/19 Test: MATRiXLib.MatrixGetElementWithOperator
Command: "C:/Users/Public/Documents/U/9no Semestre Primavera/Computacion-En-GPU/Tareas/Tarea1/build/test/MatrixLibTests.exe" "--gtest_filter=MATRiXLib.MatrixGetElementWithOperator" "--gtest_also_run_disabled_tests"
Directory: C:/Users/Public/Documents/U/9no Semestre Primavera/Computacion-En-GPU/Tareas/Tarea1/build/test
"MATRiXLib.MatrixGetElementWithOperator" start time: Apr 11 15:11 Hora est. Sudamérica Pacífico
Output:
----------------------------------------------------------
Running main() from C:/Users/Public/Documents/U/9no Semestre Primavera/Computacion-En-GPU/Tareas/Tarea1/extern/googletest/googletest/src/gtest_main.cc
Note: Google Test filter = MATRiXLib.MatrixGetElementWithOperator
[==========] Running 1 test from 1 test suite.
[----------] Global test environment set-up.
[----------] 1 test from MATRiXLib
[ RUN      ] MATRiXLib.MatrixGetElementWithOperator
[       OK ] MATRiXLib.MatrixGetElementWithOperator (0 ms)
[----------] 1 test from MATRiXLib (0 ms total)

[----------] Global test environment tear-down
[==========] 1 test from 1 test suite ran. (0 ms total)
[  PASSED  ] 1 test.
<end of output>
Test time =   0.03 sec
----------------------------------------------------------
Test Passed.
"MATRiXLib.MatrixGetElementWithOperator" end time: Apr 11 15:11 Hora est. Sudamérica Pacífico
"MATRiXLib.MatrixGetElementWithOperator" time elapsed: 00:00:00
----------------------------------------------------------

7/19 Testing: MATRiXLib.MatrixFill
7/19 Test: MATRiXLib.MatrixFill
Command: "C:/Users/Public/Documents/U/9no Semestre Primavera/Computacion-En-GPU/Tareas/Tarea1/build/test/MatrixLibTests.exe" "--gtest_filter=MATRiXLib.MatrixFill" "--gtest_also_run_disabled_tests"
Directory: C:/Users/Public/Documents/U/9no Semestre Primavera/Computacion-En-GPU/Tareas/Tarea1/build/test
"MATRiXLib.MatrixFill" start time: Apr 11 15:11 Hora est. Sudamérica Pacífico
Output:
----------------------------------------------------------
Running main() from C:/Users/Public/Documents/U/9no Semestre Primavera/Computacion-En-GPU/Tareas/Tarea1/extern/googletest/googletest/src/gtest_main.cc
Note: Google Test filter = MATRiXLib.MatrixFill
[==========] Running 1 test from 1 test suite.
[----------] Global test environment set-up.
[----------] 1 test from MATRiXLib
[ RUN      ] MATRiXLib.MatrixFill
[       OK ] MATRiXLib.MatrixFill (0 ms)
[----------] 1 test from MATRiXLib (0 ms total)

[----------] Global test environment tear-down
[==========] 1 test from 1 test suite ran. (0 ms total)
[  PASSED  ] 1 test.
<end of output>
Test time =   0.03 sec
----------------------------------------------------------
Test Passed.
"MATRiXLib.MatrixFill" end time: Apr 11 15:11 Hora est. Sudamérica Pacífico
"MATRiXLib.MatrixFill" time elapsed: 00:00:00
----------------------------------------------------------

8/19 Testing: MATRiXLib.MatrixGetSize
8/19 Test: MATRiXLib.MatrixGetSize
Command: "C:/Users/Public/Documents/U/9no Semestre Primavera/Computacion-En-GPU/Tareas/Tarea1/build/test/MatrixLibTests.exe" "--gtest_filter=MATRiXLib.MatrixGetSize" "--gtest_also_run_disabled_tests"
Directory: C:/Users/Public/Documents/U/9no Semestre Primavera/Computacion-En-GPU/Tareas/Tarea1/build/test
"MATRiXLib.MatrixGetSize" start time: Apr 11 15:11 Hora est. Sudamérica Pacífico
Output:
----------------------------------------------------------
Running main() from C:/Users/Public/Documents/U/9no Semestre Primavera/Computacion-En-GPU/Tareas/Tarea1/extern/googletest/googletest/src/gtest_main.cc
Note: Google Test filter = MATRiXLib.MatrixGetSize
[==========] Running 1 test from 1 test suite.
[----------] Global test environment set-up.
[----------] 1 test from MATRiXLib
[ RUN      ] MATRiXLib.MatrixGetSize
[       OK ] MATRiXLib.MatrixGetSize (0 ms)
[----------] 1 test from MATRiXLib (0 ms total)

[----------] Global test environment tear-down
[==========] 1 test from 1 test suite ran. (0 ms total)
[  PASSED  ] 1 test.
<end of output>
Test time =   0.03 sec
----------------------------------------------------------
Test Passed.
"MATRiXLib.MatrixGetSize" end time: Apr 11 15:11 Hora est. Sudamérica Pacífico
"MATRiXLib.MatrixGetSize" time elapsed: 00:00:00
----------------------------------------------------------

9/19 Testing: MATRiXLib.MatrixLength
9/19 Test: MATRiXLib.MatrixLength
Command: "C:/Users/Public/Documents/U/9no Semestre Primavera/Computacion-En-GPU/Tareas/Tarea1/build/test/MatrixLibTests.exe" "--gtest_filter=MATRiXLib.MatrixLength" "--gtest_also_run_disabled_tests"
Directory: C:/Users/Public/Documents/U/9no Semestre Primavera/Computacion-En-GPU/Tareas/Tarea1/build/test
"MATRiXLib.MatrixLength" start time: Apr 11 15:11 Hora est. Sudamérica Pacífico
Output:
----------------------------------------------------------
Running main() from C:/Users/Public/Documents/U/9no Semestre Primavera/Computacion-En-GPU/Tareas/Tarea1/extern/googletest/googletest/src/gtest_main.cc
Note: Google Test filter = MATRiXLib.MatrixLength
[==========] Running 1 test from 1 test suite.
[----------] Global test environment set-up.
[----------] 1 test from MATRiXLib
[ RUN      ] MATRiXLib.MatrixLength
[       OK ] MATRiXLib.MatrixLength (0 ms)
[----------] 1 test from MATRiXLib (0 ms total)

[----------] Global test environment tear-down
[==========] 1 test from 1 test suite ran. (0 ms total)
[  PASSED  ] 1 test.
<end of output>
Test time =   0.03 sec
----------------------------------------------------------
Test Passed.
"MATRiXLib.MatrixLength" end time: Apr 11 15:11 Hora est. Sudamérica Pacífico
"MATRiXLib.MatrixLength" time elapsed: 00:00:00
----------------------------------------------------------

10/19 Testing: MATRiXLib.MatrixMax
10/19 Test: MATRiXLib.MatrixMax
Command: "C:/Users/Public/Documents/U/9no Semestre Primavera/Computacion-En-GPU/Tareas/Tarea1/build/test/MatrixLibTests.exe" "--gtest_filter=MATRiXLib.MatrixMax" "--gtest_also_run_disabled_tests"
Directory: C:/Users/Public/Documents/U/9no Semestre Primavera/Computacion-En-GPU/Tareas/Tarea1/build/test
"MATRiXLib.MatrixMax" start time: Apr 11 15:11 Hora est. Sudamérica Pacífico
Output:
----------------------------------------------------------
Running main() from C:/Users/Public/Documents/U/9no Semestre Primavera/Computacion-En-GPU/Tareas/Tarea1/extern/googletest/googletest/src/gtest_main.cc
Note: Google Test filter = MATRiXLib.MatrixMax
[==========] Running 1 test from 1 test suite.
[----------] Global test environment set-up.
[----------] 1 test from MATRiXLib
[ RUN      ] MATRiXLib.MatrixMax
[       OK ] MATRiXLib.MatrixMax (0 ms)
[----------] 1 test from MATRiXLib (0 ms total)

[----------] Global test environment tear-down
[==========] 1 test from 1 test suite ran. (0 ms total)
[  PASSED  ] 1 test.
<end of output>
Test time =   0.03 sec
----------------------------------------------------------
Test Passed.
"MATRiXLib.MatrixMax" end time: Apr 11 15:11 Hora est. Sudamérica Pacífico
"MATRiXLib.MatrixMax" time elapsed: 00:00:00
----------------------------------------------------------

11/19 Testing: MATRiXLib.MatrixMin
11/19 Test: MATRiXLib.MatrixMin
Command: "C:/Users/Public/Documents/U/9no Semestre Primavera/Computacion-En-GPU/Tareas/Tarea1/build/test/MatrixLibTests.exe" "--gtest_filter=MATRiXLib.MatrixMin" "--gtest_also_run_disabled_tests"
Directory: C:/Users/Public/Documents/U/9no Semestre Primavera/Computacion-En-GPU/Tareas/Tarea1/build/test
"MATRiXLib.MatrixMin" start time: Apr 11 15:11 Hora est. Sudamérica Pacífico
Output:
----------------------------------------------------------
Running main() from C:/Users/Public/Documents/U/9no Semestre Primavera/Computacion-En-GPU/Tareas/Tarea1/extern/googletest/googletest/src/gtest_main.cc
Note: Google Test filter = MATRiXLib.MatrixMin
[==========] Running 1 test from 1 test suite.
[----------] Global test environment set-up.
[----------] 1 test from MATRiXLib
[ RUN      ] MATRiXLib.MatrixMin
[       OK ] MATRiXLib.MatrixMin (0 ms)
[----------] 1 test from MATRiXLib (0 ms total)

[----------] Global test environment tear-down
[==========] 1 test from 1 test suite ran. (0 ms total)
[  PASSED  ] 1 test.
<end of output>
Test time =   0.03 sec
----------------------------------------------------------
Test Passed.
"MATRiXLib.MatrixMin" end time: Apr 11 15:11 Hora est. Sudamérica Pacífico
"MATRiXLib.MatrixMin" time elapsed: 00:00:00
----------------------------------------------------------

12/19 Testing: MATRiXLib.MatrixOutOperator
12/19 Test: MATRiXLib.MatrixOutOperator
Command: "C:/Users/Public/Documents/U/9no Semestre Primavera/Computacion-En-GPU/Tareas/Tarea1/build/test/MatrixLibTests.exe" "--gtest_filter=MATRiXLib.MatrixOutOperator" "--gtest_also_run_disabled_tests"
Directory: C:/Users/Public/Documents/U/9no Semestre Primavera/Computacion-En-GPU/Tareas/Tarea1/build/test
"MATRiXLib.MatrixOutOperator" start time: Apr 11 15:11 Hora est. Sudamérica Pacífico
Output:
----------------------------------------------------------
Running main() from C:/Users/Public/Documents/U/9no Semestre Primavera/Computacion-En-GPU/Tareas/Tarea1/extern/googletest/googletest/src/gtest_main.cc
Note: Google Test filter = MATRiXLib.MatrixOutOperator
[==========] Running 1 test from 1 test suite.
[----------] Global test environment set-up.
[----------] 1 test from MATRiXLib
[ RUN      ] MATRiXLib.MatrixOutOperator
[       OK ] MATRiXLib.MatrixOutOperator (0 ms)
[----------] 1 test from MATRiXLib (0 ms total)

[----------] Global test environment tear-down
[==========] 1 test from 1 test suite ran. (0 ms total)
[  PASSED  ] 1 test.
<end of output>
Test time =   0.03 sec
----------------------------------------------------------
Test Passed.
"MATRiXLib.MatrixOutOperator" end time: Apr 11 15:11 Hora est. Sudamérica Pacífico
"MATRiXLib.MatrixOutOperator" time elapsed: 00:00:00
----------------------------------------------------------

13/19 Testing: MATRiXLib.MatrixEquivalenceOperator
13/19 Test: MATRiXLib.MatrixEquivalenceOperator
Command: "C:/Users/Public/Documents/U/9no Semestre Primavera/Computacion-En-GPU/Tareas/Tarea1/build/test/MatrixLibTests.exe" "--gtest_filter=MATRiXLib.MatrixEquivalenceOperator" "--gtest_also_run_disabled_tests"
Directory: C:/Users/Public/Documents/U/9no Semestre Primavera/Computacion-En-GPU/Tareas/Tarea1/build/test
"MATRiXLib.MatrixEquivalenceOperator" start time: Apr 11 15:11 Hora est. Sudamérica Pacífico
Output:
----------------------------------------------------------
Running main() from C:/Users/Public/Documents/U/9no Semestre Primavera/Computacion-En-GPU/Tareas/Tarea1/extern/googletest/googletest/src/gtest_main.cc
Note: Google Test filter = MATRiXLib.MatrixEquivalenceOperator
[==========] Running 1 test from 1 test suite.
[----------] Global test environment set-up.
[----------] 1 test from MATRiXLib
[ RUN      ] MATRiXLib.MatrixEquivalenceOperator
[       OK ] MATRiXLib.MatrixEquivalenceOperator (0 ms)
[----------] 1 test from MATRiXLib (0 ms total)

[----------] Global test environment tear-down
[==========] 1 test from 1 test suite ran. (0 ms total)
[  PASSED  ] 1 test.
<end of output>
Test time =   0.03 sec
----------------------------------------------------------
Test Passed.
"MATRiXLib.MatrixEquivalenceOperator" end time: Apr 11 15:11 Hora est. Sudamérica Pacífico
"MATRiXLib.MatrixEquivalenceOperator" time elapsed: 00:00:00
----------------------------------------------------------

14/19 Testing: MATRiXLib.MatrixAsignOperator
14/19 Test: MATRiXLib.MatrixAsignOperator
Command: "C:/Users/Public/Documents/U/9no Semestre Primavera/Computacion-En-GPU/Tareas/Tarea1/build/test/MatrixLibTests.exe" "--gtest_filter=MATRiXLib.MatrixAsignOperator" "--gtest_also_run_disabled_tests"
Directory: C:/Users/Public/Documents/U/9no Semestre Primavera/Computacion-En-GPU/Tareas/Tarea1/build/test
"MATRiXLib.MatrixAsignOperator" start time: Apr 11 15:11 Hora est. Sudamérica Pacífico
Output:
----------------------------------------------------------
Running main() from C:/Users/Public/Documents/U/9no Semestre Primavera/Computacion-En-GPU/Tareas/Tarea1/extern/googletest/googletest/src/gtest_main.cc
Note: Google Test filter = MATRiXLib.MatrixAsignOperator
[==========] Running 1 test from 1 test suite.
[----------] Global test environment set-up.
[----------] 1 test from MATRiXLib
[ RUN      ] MATRiXLib.MatrixAsignOperator
[       OK ] MATRiXLib.MatrixAsignOperator (0 ms)
[----------] 1 test from MATRiXLib (0 ms total)

[----------] Global test environment tear-down
[==========] 1 test from 1 test suite ran. (0 ms total)
[  PASSED  ] 1 test.
<end of output>
Test time =   0.03 sec
----------------------------------------------------------
Test Passed.
"MATRiXLib.MatrixAsignOperator" end time: Apr 11 15:11 Hora est. Sudamérica Pacífico
"MATRiXLib.MatrixAsignOperator" time elapsed: 00:00:00
----------------------------------------------------------

15/19 Testing: MATRiXLib.MatrixTranspose
15/19 Test: MATRiXLib.MatrixTranspose
Command: "C:/Users/Public/Documents/U/9no Semestre Primavera/Computacion-En-GPU/Tareas/Tarea1/build/test/MatrixLibTests.exe" "--gtest_filter=MATRiXLib.MatrixTranspose" "--gtest_also_run_disabled_tests"
Directory: C:/Users/Public/Documents/U/9no Semestre Primavera/Computacion-En-GPU/Tareas/Tarea1/build/test
"MATRiXLib.MatrixTranspose" start time: Apr 11 15:11 Hora est. Sudamérica Pacífico
Output:
----------------------------------------------------------
Running main() from C:/Users/Public/Documents/U/9no Semestre Primavera/Computacion-En-GPU/Tareas/Tarea1/extern/googletest/googletest/src/gtest_main.cc
Note: Google Test filter = MATRiXLib.MatrixTranspose
[==========] Running 1 test from 1 test suite.
[----------] Global test environment set-up.
[----------] 1 test from MATRiXLib
[ RUN      ] MATRiXLib.MatrixTranspose
0 1 2 3 4 
5 6 7 8 9 
10 11 12 13 14 

0 5 10 
1 6 11 
2 7 12 
3 8 13 
4 9 14 

[       OK ] MATRiXLib.MatrixTranspose (0 ms)
[----------] 1 test from MATRiXLib (0 ms total)

[----------] Global test environment tear-down
[==========] 1 test from 1 test suite ran. (0 ms total)
[  PASSED  ] 1 test.
<end of output>
Test time =   0.03 sec
----------------------------------------------------------
Test Passed.
"MATRiXLib.MatrixTranspose" end time: Apr 11 15:11 Hora est. Sudamérica Pacífico
"MATRiXLib.MatrixTranspose" time elapsed: 00:00:00
----------------------------------------------------------

16/19 Testing: MATRiXLib.MatrixMultiplication
16/19 Test: MATRiXLib.MatrixMultiplication
Command: "C:/Users/Public/Documents/U/9no Semestre Primavera/Computacion-En-GPU/Tareas/Tarea1/build/test/MatrixLibTests.exe" "--gtest_filter=MATRiXLib.MatrixMultiplication" "--gtest_also_run_disabled_tests"
Directory: C:/Users/Public/Documents/U/9no Semestre Primavera/Computacion-En-GPU/Tareas/Tarea1/build/test
"MATRiXLib.MatrixMultiplication" start time: Apr 11 15:11 Hora est. Sudamérica Pacífico
Output:
----------------------------------------------------------
Running main() from C:/Users/Public/Documents/U/9no Semestre Primavera/Computacion-En-GPU/Tareas/Tarea1/extern/googletest/googletest/src/gtest_main.cc
Note: Google Test filter = MATRiXLib.MatrixMultiplication
[==========] Running 1 test from 1 test suite.
[----------] Global test environment set-up.
[----------] 1 test from MATRiXLib
[ RUN      ] MATRiXLib.MatrixMultiplication
[       OK ] MATRiXLib.MatrixMultiplication (0 ms)
[----------] 1 test from MATRiXLib (0 ms total)

[----------] Global test environment tear-down
[==========] 1 test from 1 test suite ran. (0 ms total)
[  PASSED  ] 1 test.
<end of output>
Test time =   0.03 sec
----------------------------------------------------------
Test Passed.
"MATRiXLib.MatrixMultiplication" end time: Apr 11 15:11 Hora est. Sudamérica Pacífico
"MATRiXLib.MatrixMultiplication" time elapsed: 00:00:00
----------------------------------------------------------

17/19 Testing: MATRiXLib.MatrixScalarMultiplication
17/19 Test: MATRiXLib.MatrixScalarMultiplication
Command: "C:/Users/Public/Documents/U/9no Semestre Primavera/Computacion-En-GPU/Tareas/Tarea1/build/test/MatrixLibTests.exe" "--gtest_filter=MATRiXLib.MatrixScalarMultiplication" "--gtest_also_run_disabled_tests"
Directory: C:/Users/Public/Documents/U/9no Semestre Primavera/Computacion-En-GPU/Tareas/Tarea1/build/test
"MATRiXLib.MatrixScalarMultiplication" start time: Apr 11 15:11 Hora est. Sudamérica Pacífico
Output:
----------------------------------------------------------
Running main() from C:/Users/Public/Documents/U/9no Semestre Primavera/Computacion-En-GPU/Tareas/Tarea1/extern/googletest/googletest/src/gtest_main.cc
Note: Google Test filter = MATRiXLib.MatrixScalarMultiplication
[==========] Running 1 test from 1 test suite.
[----------] Global test environment set-up.
[----------] 1 test from MATRiXLib
[ RUN      ] MATRiXLib.MatrixScalarMultiplication
[       OK ] MATRiXLib.MatrixScalarMultiplication (0 ms)
[----------] 1 test from MATRiXLib (0 ms total)

[----------] Global test environment tear-down
[==========] 1 test from 1 test suite ran. (0 ms total)
[  PASSED  ] 1 test.
<end of output>
Test time =   0.03 sec
----------------------------------------------------------
Test Passed.
"MATRiXLib.MatrixScalarMultiplication" end time: Apr 11 15:11 Hora est. Sudamérica Pacífico
"MATRiXLib.MatrixScalarMultiplication" time elapsed: 00:00:00
----------------------------------------------------------

18/19 Testing: MATRiXLib.MatrixAddition
18/19 Test: MATRiXLib.MatrixAddition
Command: "C:/Users/Public/Documents/U/9no Semestre Primavera/Computacion-En-GPU/Tareas/Tarea1/build/test/MatrixLibTests.exe" "--gtest_filter=MATRiXLib.MatrixAddition" "--gtest_also_run_disabled_tests"
Directory: C:/Users/Public/Documents/U/9no Semestre Primavera/Computacion-En-GPU/Tareas/Tarea1/build/test
"MATRiXLib.MatrixAddition" start time: Apr 11 15:11 Hora est. Sudamérica Pacífico
Output:
----------------------------------------------------------
Running main() from C:/Users/Public/Documents/U/9no Semestre Primavera/Computacion-En-GPU/Tareas/Tarea1/extern/googletest/googletest/src/gtest_main.cc
Note: Google Test filter = MATRiXLib.MatrixAddition
[==========] Running 1 test from 1 test suite.
[----------] Global test environment set-up.
[----------] 1 test from MATRiXLib
[ RUN      ] MATRiXLib.MatrixAddition
[       OK ] MATRiXLib.MatrixAddition (0 ms)
[----------] 1 test from MATRiXLib (0 ms total)

[----------] Global test environment tear-down
[==========] 1 test from 1 test suite ran. (0 ms total)
[  PASSED  ] 1 test.
<end of output>
Test time =   0.04 sec
----------------------------------------------------------
Test Passed.
"MATRiXLib.MatrixAddition" end time: Apr 11 15:11 Hora est. Sudamérica Pacífico
"MATRiXLib.MatrixAddition" time elapsed: 00:00:00
----------------------------------------------------------

19/19 Testing: MATRiXLib.MatrixSubtraction
19/19 Test: MATRiXLib.MatrixSubtraction
Command: "C:/Users/Public/Documents/U/9no Semestre Primavera/Computacion-En-GPU/Tareas/Tarea1/build/test/MatrixLibTests.exe" "--gtest_filter=MATRiXLib.MatrixSubtraction" "--gtest_also_run_disabled_tests"
Directory: C:/Users/Public/Documents/U/9no Semestre Primavera/Computacion-En-GPU/Tareas/Tarea1/build/test
"MATRiXLib.MatrixSubtraction" start time: Apr 11 15:11 Hora est. Sudamérica Pacífico
Output:
----------------------------------------------------------
Running main() from C:/Users/Public/Documents/U/9no Semestre Primavera/Computacion-En-GPU/Tareas/Tarea1/extern/googletest/googletest/src/gtest_main.cc
Note: Google Test filter = MATRiXLib.MatrixSubtraction
[==========] Running 1 test from 1 test suite.
[----------] Global test environment set-up.
[----------] 1 test from MATRiXLib
[ RUN      ] MATRiXLib.MatrixSubtraction
[       OK ] MATRiXLib.MatrixSubtraction (0 ms)
[----------] 1 test from MATRiXLib (0 ms total)

[----------] Global test environment tear-down
[==========] 1 test from 1 test suite ran. (0 ms total)
[  PASSED  ] 1 test.
<end of output>
Test time =   0.03 sec
----------------------------------------------------------
Test Passed.
"MATRiXLib.MatrixSubtraction" end time: Apr 11 15:11 Hora est. Sudamérica Pacífico
"MATRiXLib.MatrixSubtraction" time elapsed: 00:00:00
----------------------------------------------------------

End testing: Apr 11 15:11 Hora est. Sudamérica Pacífico
